<?xml version="1.0" encoding="UTF-8"?>
<!-- Generated by org.testng.reporters.JUnitReportReporter -->
<testsuite skipped="0" hostname="DESKTOP-PG9QJNK" name="basics.EdgeBrowser_Example" tests="1" failures="0" timestamp="2022-02-23T15:24:15 IST" time="5.125" errors="0">
  <testcase name="testEdgeBrowser_Example" time="5.125" classname="basics.EdgeBrowser_Example"/>
  <system-out/>
</testsuite> <!-- basics.EdgeBrowser_Example -->
